This is pdfTeX, Version 3.1415926-1.40.10 (TeX Live 2009/Debian) (format=pdflatex 2014.7.18)  8 NOV 2014 20:32
entering extended mode
 %&-line parsing enabled.
**report.tex
(./report.tex
LaTeX2e <2009/09/24>
Babel <v3.8l> and hyphenation patterns for english, usenglishmax, dumylang, noh
yphenation, loaded.
(/usr/share/texmf-texlive/tex/latex/base/article.cls
Document Class: article 2007/10/19 v1.4h Standard LaTeX document class
(/usr/share/texmf-texlive/tex/latex/base/size11.clo
File: size11.clo 2007/10/19 v1.4h Standard LaTeX file (size option)
)
\c@part=\count79
\c@section=\count80
\c@subsection=\count81
\c@subsubsection=\count82
\c@paragraph=\count83
\c@subparagraph=\count84
\c@figure=\count85
\c@table=\count86
\abovecaptionskip=\skip41
\belowcaptionskip=\skip42
\bibindent=\dimen102
)
(/usr/share/texmf-texlive/tex/latex/amsmath/amsmath.sty
Package: amsmath 2000/07/18 v2.13 AMS math features
\@mathmargin=\skip43

For additional information on amsmath, use the `?' option.
(/usr/share/texmf-texlive/tex/latex/amsmath/amstext.sty
Package: amstext 2000/06/29 v2.01

(/usr/share/texmf-texlive/tex/latex/amsmath/amsgen.sty
File: amsgen.sty 1999/11/30 v2.0
\@emptytoks=\toks14
\ex@=\dimen103
))
(/usr/share/texmf-texlive/tex/latex/amsmath/amsbsy.sty
Package: amsbsy 1999/11/29 v1.2d
\pmbraise@=\dimen104
)
(/usr/share/texmf-texlive/tex/latex/amsmath/amsopn.sty
Package: amsopn 1999/12/14 v2.01 operator names
)
\inf@bad=\count87
LaTeX Info: Redefining \frac on input line 211.
\uproot@=\count88
\leftroot@=\count89
LaTeX Info: Redefining \overline on input line 307.
\classnum@=\count90
\DOTSCASE@=\count91
LaTeX Info: Redefining \ldots on input line 379.
LaTeX Info: Redefining \dots on input line 382.
LaTeX Info: Redefining \cdots on input line 467.
\Mathstrutbox@=\box26
\strutbox@=\box27
\big@size=\dimen105
LaTeX Font Info:    Redeclaring font encoding OML on input line 567.
LaTeX Font Info:    Redeclaring font encoding OMS on input line 568.
\macc@depth=\count92
\c@MaxMatrixCols=\count93
\dotsspace@=\muskip10
\c@parentequation=\count94
\dspbrk@lvl=\count95
\tag@help=\toks15
\row@=\count96
\column@=\count97
\maxfields@=\count98
\andhelp@=\toks16
\eqnshift@=\dimen106
\alignsep@=\dimen107
\tagshift@=\dimen108
\tagwidth@=\dimen109
\totwidth@=\dimen110
\lineht@=\dimen111
\@envbody=\toks17
\multlinegap=\skip44
\multlinetaggap=\skip45
\mathdisplay@stack=\toks18
LaTeX Info: Redefining \[ on input line 2666.
LaTeX Info: Redefining \] on input line 2667.
)
(/usr/share/texmf-texlive/tex/latex/hyperref/hyperref.sty
Package: hyperref 2009/10/09 v6.79a Hypertext links for LaTeX

(/usr/share/texmf-texlive/tex/latex/graphics/keyval.sty
Package: keyval 1999/03/16 v1.13 key=value parser (DPC)
\KV@toks@=\toks19
)
(/usr/share/texmf-texlive/tex/generic/oberdiek/ifpdf.sty
Package: ifpdf 2009/04/10 v2.0 Provides the ifpdf switch (HO)
Package ifpdf Info: pdfTeX in pdf mode detected.
)
(/usr/share/texmf-texlive/tex/generic/oberdiek/ifvtex.sty
Package: ifvtex 2008/11/04 v1.4 Switches for detecting VTeX and its modes (HO)
Package ifvtex Info: VTeX not detected.
)
(/usr/share/texmf-texlive/tex/generic/ifxetex/ifxetex.sty
Package: ifxetex 2009/01/23 v0.5 Provides ifxetex conditional
)
(/usr/share/texmf-texlive/tex/latex/oberdiek/hycolor.sty
Package: hycolor 2009/10/02 v1.5 Code for color options of hyperref/bookmark (H
O)

(/usr/share/texmf-texlive/tex/latex/oberdiek/xcolor-patch.sty
Package: xcolor-patch 2009/10/02 xcolor patch
))
\@linkdim=\dimen112
\Hy@linkcounter=\count99
\Hy@pagecounter=\count100

(/usr/share/texmf-texlive/tex/latex/hyperref/pd1enc.def
File: pd1enc.def 2009/10/09 v6.79a Hyperref: PDFDocEncoding definition (HO)
)
(/usr/share/texmf-texlive/tex/generic/oberdiek/etexcmds.sty
Package: etexcmds 2007/12/12 v1.2 Prefix for e-TeX command names (HO)

(/usr/share/texmf-texlive/tex/generic/oberdiek/infwarerr.sty
Package: infwarerr 2007/09/09 v1.2 Providing info/warning/message (HO)
)
Package etexcmds Info: Could not find \expanded.
(etexcmds)             That can mean that you are not using pdfTeX 1.50 or
(etexcmds)             that some package has redefined \expanded.
(etexcmds)             In the latter case, load this package earlier.
)
(/usr/share/texmf-texlive/tex/latex/latexconfig/hyperref.cfg
File: hyperref.cfg 2002/06/06 v1.2 hyperref configuration of TeXLive
)
(/usr/share/texmf-texlive/tex/latex/oberdiek/kvoptions.sty
Package: kvoptions 2009/08/13 v3.4 Keyval support for LaTeX options (HO)

(/usr/share/texmf-texlive/tex/generic/oberdiek/kvsetkeys.sty
Package: kvsetkeys 2009/07/30 v1.5 Key value parser with default handler suppor
t (HO)
))
Package hyperref Info: Hyper figures OFF on input line 2975.
Package hyperref Info: Link nesting OFF on input line 2980.
Package hyperref Info: Hyper index ON on input line 2983.
Package hyperref Info: Plain pages OFF on input line 2990.
Package hyperref Info: Backreferencing OFF on input line 2995.

Implicit mode ON; LaTeX internals redefined
Package hyperref Info: Bookmarks ON on input line 3191.
(/usr/share/texmf-texlive/tex/latex/ltxmisc/url.sty
\Urlmuskip=\muskip11
Package: url 2006/04/12  ver 3.3  Verb mode for urls, etc.
)
LaTeX Info: Redefining \url on input line 3428.

(/usr/share/texmf-texlive/tex/generic/oberdiek/bitset.sty
Package: bitset 2007/09/28 v1.0 Data type bit set (HO)

(/usr/share/texmf-texlive/tex/generic/oberdiek/intcalc.sty
Package: intcalc 2007/09/27 v1.1 Expandable integer calculations (HO)
)
(/usr/share/texmf-texlive/tex/generic/oberdiek/bigintcalc.sty
Package: bigintcalc 2007/11/11 v1.1 Expandable big integer calculations (HO)

(/usr/share/texmf-texlive/tex/generic/oberdiek/pdftexcmds.sty
Package: pdftexcmds 2009/09/23 v0.6 LuaTeX support for pdfTeX utility functions
 (HO)

(/usr/share/texmf-texlive/tex/generic/oberdiek/ifluatex.sty
Package: ifluatex 2009/04/17 v1.2 Provides the ifluatex switch (HO)
Package ifluatex Info: LuaTeX not detected.
)
(/usr/share/texmf-texlive/tex/generic/oberdiek/ltxcmds.sty
Package: ltxcmds 2009/08/05 v1.0 Some LaTeX kernel commands for general use (HO
)
)
Package pdftexcmds Info: LuaTeX not detected.
Package pdftexcmds Info: \pdf@primitive is available.
Package pdftexcmds Info: \pdf@ifprimitive is available.
)))
\Fld@menulength=\count101
\Field@Width=\dimen113
\Fld@charsize=\dimen114
\Field@toks=\toks20
Package hyperref Info: Hyper figures OFF on input line 4377.
Package hyperref Info: Link nesting OFF on input line 4382.
Package hyperref Info: Hyper index ON on input line 4385.
Package hyperref Info: backreferencing OFF on input line 4392.
Package hyperref Info: Link coloring OFF on input line 4397.
Package hyperref Info: Link coloring with OCG OFF on input line 4402.
Package hyperref Info: PDF/A mode OFF on input line 4407.

(/usr/share/texmf-texlive/tex/generic/oberdiek/atbegshi.sty
Package: atbegshi 2008/07/31 v1.9 At begin shipout hook (HO)
)
\Hy@abspage=\count102
\c@Item=\count103
\c@Hfootnote=\count104
)
*hyperref using default driver hpdftex*
(/usr/share/texmf-texlive/tex/latex/hyperref/hpdftex.def
File: hpdftex.def 2009/10/09 v6.79a Hyperref driver for pdfTeX
\Fld@listcount=\count105
)
(/usr/share/texmf-texlive/tex/latex/graphics/graphicx.sty
Package: graphicx 1999/02/16 v1.0f Enhanced LaTeX Graphics (DPC,SPQR)

(/usr/share/texmf-texlive/tex/latex/graphics/graphics.sty
Package: graphics 2009/02/05 v1.0o Standard LaTeX Graphics (DPC,SPQR)

(/usr/share/texmf-texlive/tex/latex/graphics/trig.sty
Package: trig 1999/03/16 v1.09 sin cos tan (DPC)
)
(/etc/texmf/tex/latex/config/graphics.cfg
File: graphics.cfg 2009/08/28 v1.8 graphics configuration of TeX Live
)
Package graphics Info: Driver file: pdftex.def on input line 91.

(/usr/share/texmf-texlive/tex/latex/pdftex-def/pdftex.def
File: pdftex.def 2010/03/12 v0.04p Graphics/color for pdfTeX
\Gread@gobject=\count106
))
\Gin@req@height=\dimen115
\Gin@req@width=\dimen116
)
(/usr/share/texmf-texlive/tex/latex/listings/listings.sty
\lst@mode=\count107
\lst@gtempboxa=\box28
\lst@token=\toks21
\lst@length=\count108
\lst@currlwidth=\dimen117
\lst@column=\count109
\lst@pos=\count110
\lst@lostspace=\dimen118
\lst@width=\dimen119
\lst@newlines=\count111
\lst@lineno=\count112
\lst@maxwidth=\dimen120

(/usr/share/texmf-texlive/tex/latex/listings/lstmisc.sty
File: lstmisc.sty 2007/02/22 1.4 (Carsten Heinz)
\c@lstnumber=\count113
\lst@skipnumbers=\count114
\lst@framebox=\box29
)
(/usr/share/texmf-texlive/tex/latex/listings/listings.cfg
File: listings.cfg 2007/02/22 1.4 listings configuration
))
Package: listings 2007/02/22 1.4 (Carsten Heinz)

(/usr/share/texmf-texlive/tex/latex/graphics/color.sty
Package: color 2005/11/14 v1.0j Standard LaTeX Color (DPC)

(/etc/texmf/tex/latex/config/color.cfg
File: color.cfg 2007/01/18 v1.5 color configuration of teTeX/TeXLive
)
Package color Info: Driver file: pdftex.def on input line 130.
) (./report.aux)
\openout1 = `report.aux'.

LaTeX Font Info:    Checking defaults for OML/cmm/m/it on input line 22.
LaTeX Font Info:    ... okay on input line 22.
LaTeX Font Info:    Checking defaults for T1/cmr/m/n on input line 22.
LaTeX Font Info:    ... okay on input line 22.
LaTeX Font Info:    Checking defaults for OT1/cmr/m/n on input line 22.
LaTeX Font Info:    ... okay on input line 22.
LaTeX Font Info:    Checking defaults for OMS/cmsy/m/n on input line 22.
LaTeX Font Info:    ... okay on input line 22.
LaTeX Font Info:    Checking defaults for OMX/cmex/m/n on input line 22.
LaTeX Font Info:    ... okay on input line 22.
LaTeX Font Info:    Checking defaults for U/cmr/m/n on input line 22.
LaTeX Font Info:    ... okay on input line 22.
LaTeX Font Info:    Checking defaults for PD1/pdf/m/n on input line 22.
LaTeX Font Info:    ... okay on input line 22.
Package hyperref Info: Link coloring OFF on input line 22.

(/usr/share/texmf-texlive/tex/latex/hyperref/nameref.sty
Package: nameref 2007/05/29 v2.31 Cross-referencing by name of section

(/usr/share/texmf-texlive/tex/latex/oberdiek/refcount.sty
Package: refcount 2008/08/11 v3.1 Data extraction from references (HO)
)
\c@section@level=\count115
)
LaTeX Info: Redefining \ref on input line 22.
LaTeX Info: Redefining \pageref on input line 22.
 (./report.out)
(./report.out)
\@outlinefile=\write3
\openout3 = `report.out'.

\AtBeginShipoutBox=\box30
 (/usr/share/texmf-texlive/tex/context/base/supp-pdf.mkii
[Loading MPS to PDF converter (version 2006.09.02).]
\scratchcounter=\count116
\scratchdimen=\dimen121
\scratchbox=\box31
\nofMPsegments=\count117
\nofMParguments=\count118
\everyMPshowfont=\toks22
\MPscratchCnt=\count119
\MPscratchDim=\dimen122
\MPnumerator=\count120
\everyMPtoPDFconversion=\toks23
)
\c@lstlisting=\count121
 [1

{/var/lib/texmf/fonts/map/pdftex/updmap/pdftex.map}]
Missing character: There is no â in font cmr10!
Missing character: There is no € in font cmr10!
Missing character: There is no ™ in font cmr10!

<lens_intro.png, id=61, 645.91313pt x 427.5975pt>
File: lens_intro.png Graphic file (type png)
 <use lens_intro.png>
<montage.png, id=63, 594.72188pt x 297.36093pt>
File: montage.png Graphic file (type png)
 <use montage.png>
Underfull \hbox (badness 10000) in paragraph at lines 27--34

 []


Underfull \hbox (badness 10000) in paragraph at lines 27--34

 []


Underfull \hbox (badness 10000) in paragraph at lines 27--34

 []


Underfull \hbox (badness 10000) in paragraph at lines 27--34

 []

[2 <./lens_intro.png> <./montage.png>]
LaTeX Font Info:    Try loading font information for OMS+cmr on input line 49.

(/usr/share/texmf-texlive/tex/latex/base/omscmr.fd
File: omscmr.fd 1999/05/25 v2.5h Standard LaTeX font definitions
)
LaTeX Font Info:    Font shape `OMS/cmr/m/n' in size <10.95> not available
(Font)              Font shape `OMS/cmsy/m/n' tried instead on input line 49.

<first_object.png, id=71, 299.61937pt x 297.36093pt>
File: first_object.png Graphic file (type png)
 <use first_object.png>
<first_ring.png, id=72, 295.1025pt x 297.36093pt>
File: first_ring.png Graphic file (type png)
 <use first_ring.png>
Underfull \hbox (badness 10000) in paragraph at lines 49--52

 []


Overfull \hbox (27.37506pt too wide) in paragraph at lines 49--52
[] 
 []


Underfull \hbox (badness 10000) in paragraph at lines 49--52

 []

[3 <./first_object.png> <./first_ring.png>]
<big_galaxy.png, id=81, 317.185pt x 317.185pt>
File: big_galaxy.png Graphic file (type png)
 <use big_galaxy.png>
<small_galaxy.png, id=82, 317.185pt x 317.185pt>
File: small_galaxy.png Graphic file (type png)
 <use small_galaxy.png>
Underfull \hbox (badness 10000) in paragraph at lines 54--56

 []


Overfull \hbox (51.46509pt too wide) in paragraph at lines 54--56
[] 
 []

File: big_galaxy.png Graphic file (type png)
<use big_galaxy.png> <inclined_galaxy.png, id=83, 317.185pt x 317.185pt>
File: inclined_galaxy.png Graphic file (type png)

<use inclined_galaxy.png>
Underfull \hbox (badness 10000) in paragraph at lines 56--58

 []


Overfull \hbox (51.46509pt too wide) in paragraph at lines 56--58
[] 
 []


Underfull \hbox (badness 10000) in paragraph at lines 58--59

 []


Underfull \hbox (badness 10000) in paragraph at lines 58--59

 []

[4 <./big_galaxy.png> <./small_galaxy.png> <./inclined_galaxy.png>]
<non-centered_galaxy.png, id=92, 317.185pt x 317.185pt>
File: non-centered_galaxy.png Graphic file (type png)

<use non-centered_galaxy.png>
Underfull \hbox (badness 10000) in paragraph at lines 64--66

 []


Overfull \hbox (51.46509pt too wide) in paragraph at lines 64--66
[] 
 []


Underfull \hbox (badness 10000) in paragraph at lines 64--66

 []


Underfull \hbox (badness 10000) in paragraph at lines 64--66

 []

<1223_Source_Subtraction.png, id=93, 851.18pt x 234.476pt>
File: 1223_Source_Subtraction.png Graphic file (type png)

<use 1223_Source_Subtraction.png>
Underfull \hbox (badness 10000) in paragraph at lines 66--69

 []


Overfull \hbox (51.46509pt too wide) in paragraph at lines 66--69
[] 
 []


Underfull \hbox (badness 10000) in paragraph at lines 66--69

 []

<1398_noise_amp.png, id=94, 851.18pt x 234.476pt>
File: 1398_noise_amp.png Graphic file (type png)
 <use 1398_noise_amp.png>
Underfull \hbox (badness 10000) in paragraph at lines 71--73

 []


Overfull \hbox (27.37506pt too wide) in paragraph at lines 71--73
[] 
 []

<aperture_limited_basis.png, id=95, 804.606pt x 449.68pt>
File: aperture_limited_basis.png Graphic file (type png)

<use aperture_limited_basis.png>
Underfull \hbox (badness 10000) in paragraph at lines 78--81

 []


Underfull \hbox (badness 10000) in paragraph at lines 78--81

 []

[5 <./non-centered_galaxy.png> <./1223_Source_Subtraction.png> <./1398_noise_am
p.png>] <limited_subset_basis.png, id=103, 804.606pt x 449.68pt>
File: limited_subset_basis.png Graphic file (type png)

<use limited_subset_basis.png>
<4339_Final_Source_Subtraction.png, id=104, 851.18pt x 234.476pt>
File: 4339_Final_Source_Subtraction.png Graphic file (type png)

<use 4339_Final_Source_Subtraction.png>
<704_Final_Source_Subtraction.png, id=105, 851.18pt x 234.476pt>
File: 704_Final_Source_Subtraction.png Graphic file (type png)

<use 704_Final_Source_Subtraction.png>
File: 1223_Source_Subtraction.png Graphic file (type png)
 <use 1223_Source_Subtraction.png>
<1948_Source_Subtraction.png, id=106, 851.18pt x 234.476pt>
File: 1948_Source_Subtraction.png Graphic file (type png)

<use 1948_Source_Subtraction.png>
<3559_Final_Subtraction.png, id=107, 851.18pt x 234.476pt>
File: 3559_Final_Subtraction.png Graphic file (type png)

<use 3559_Final_Subtraction.png>
<1589_Failure_Case_False_Positive.png, id=108, 851.18pt x 234.476pt>
File: 1589_Failure_Case_False_Positive.png Graphic file (type png)

<use 1589_Failure_Case_False_Positive.png>
Underfull \hbox (badness 10000) in paragraph at lines 83--94

 []


Underfull \hbox (badness 10000) in paragraph at lines 83--94

 []


Underfull \hbox (badness 10000) in paragraph at lines 83--94

 []


Underfull \hbox (badness 10000) in paragraph at lines 83--94

 []


Underfull \hbox (badness 10000) in paragraph at lines 83--94

 []


Underfull \hbox (badness 10000) in paragraph at lines 83--94

 []


Underfull \hbox (badness 10000) in paragraph at lines 83--94

 []


Underfull \hbox (badness 10000) in paragraph at lines 83--94

 []


Underfull \hbox (badness 10000) in paragraph at lines 83--94

 []


Underfull \hbox (badness 10000) in paragraph at lines 83--94

 []

[6 <./aperture_limited_basis.png>] [7 <./limited_subset_basis.png> <./4339_Fina
l_Source_Subtraction.png> <./704_Final_Source_Subtraction.png>] [8 <./1948_Sour
ce_Subtraction.png> <./3559_Final_Subtraction.png> <./1589_Failure_Case_False_P
ositive.png>] [9]
Overfull \hbox (12.23843pt too wide) in paragraph at lines 128--129
[]\OT1/cmr/m/n/10.95 The MAT-LAB Doc-u-men-ta-tion at http://www.mathworks.in/h
elp/matlab/ 
 []

[10] (./report.aux) ) 
Here is how much of TeX's memory you used:
 6074 strings out of 495061
 87597 string characters out of 1182621
 159124 words of memory out of 3000000
 9141 multiletter control sequences out of 15000+50000
 10224 words of font info for 37 fonts, out of 3000000 for 9000
 28 hyphenation exceptions out of 8191
 38i,6n,36p,724b,365s stack positions out of 5000i,500n,10000p,200000b,50000s
pdfTeX warning (dest): name{subsection.4.4} has been refer
enced but does not exist, replaced by a fixed one

</usr/share/texmf-texlive/fonts/type1/public/amsfonts/cm/cmbx10.pfb></usr/share
/texmf-texlive/fonts/type1/public/amsfonts/cm/cmbx12.pfb></usr/share/texmf-texl
ive/fonts/type1/public/amsfonts/cm/cmr10.pfb></usr/share/texmf-texlive/fonts/ty
pe1/public/amsfonts/cm/cmr12.pfb></usr/share/texmf-texlive/fonts/type1/public/a
msfonts/cm/cmr17.pfb></usr/share/texmf-texlive/fonts/type1/public/amsfonts/cm/c
msy10.pfb></usr/share/texmf-texlive/fonts/type1/public/amsfonts/cm/cmti10.pfb><
/usr/share/texmf-texlive/fonts/type1/public/amsfonts/cm/cmtt12.pfb>
Output written on report.pdf (10 pages, 1272316 bytes).
PDF statistics:
 174 PDF objects out of 1000 (max. 8388607)
 26 named destinations out of 1000 (max. 500000)
 182 words of extra memory for PDF output out of 10000 (max. 10000000)

